<?xml version="1.0" encoding="UTF-8"?>
<testsuite name="AppAssertionTest" tests="4" skipped="0" failures="0" errors="0" timestamp="2016-01-27T19:35:02" hostname="epicodus-31.local" time="0.349">
  <properties/>
  <testcase name="defintionIsIsAddedToWord" classname="AppAssertionTest" time="0.303"/>
  <testcase name="rootTest" classname="AppAssertionTest" time="0.014"/>
  <testcase name="wordIsCreatedTest" classname="AppAssertionTest" time="0.01"/>
  <testcase name="defintionFormIsDisplayed" classname="AppAssertionTest" time="0.01"/>
  <system-out><![CDATA[]]></system-out>
  <system-err><![CDATA[[Thread-4] INFO spark.webserver.SparkServer - == Spark has ignited ...
[Thread-4] INFO spark.webserver.SparkServer - >> Listening on 0.0.0.0:4567
[Thread-4] INFO org.eclipse.jetty.server.Server - jetty-9.0.2.v20130417
[Thread-4] INFO org.eclipse.jetty.server.ServerConnector - Started ServerConnector@4fbb187c{HTTP/1.1}{0.0.0.0:4567}
[Test worker] INFO spark.webserver.SparkServer - >>> Spark shutting down ...
[Test worker] INFO org.eclipse.jetty.server.Server - Graceful shutdown org.eclipse.jetty.server.Server@4cd4c629 by 
[Test worker] INFO org.eclipse.jetty.server.ServerConnector - Stopped ServerConnector@4fbb187c{HTTP/1.1}{0.0.0.0:4567}
[Test worker] INFO spark.webserver.SparkServer - done
]]></system-err>
</testsuite>
