<?xml version="1.0" encoding="UTF-8"?>
<testsuite name="DefinitionTest" tests="2" skipped="0" failures="0" errors="0" timestamp="2016-01-20T03:30:22" hostname="epicodus-36.local" time="0.0">
  <properties/>
  <testcase name="defintion_instantiatesCorrectly_true" classname="DefinitionTest" time="0.0"/>
  <testcase name="definition_instantiatesWithDescription_true" classname="DefinitionTest" time="0.0"/>
  <system-out><![CDATA[]]></system-out>
  <system-err><![CDATA[]]></system-err>
</testsuite>
