<?xml version="1.0" encoding="UTF-8"?>
<<<<<<< HEAD
<testsuite name="AppTest" tests="6" skipped="0" failures="0" errors="0" timestamp="2016-01-20T03:30:22" hostname="epicodus-36.local" time="0.0">
=======
<testsuite name="AppTest" tests="6" skipped="0" failures="0" errors="0" timestamp="2016-01-19T02:01:02" hostname="epicodus-33.local" time="0.001">
>>>>>>> 767626a1a16b2ed956b123a5f77fe31530313dc5
  <properties/>
  <testcase name="puzzle_returnDashForAEIO_B___T_" classname="AppTest" time="0.0"/>
  <testcase name="puzzle_returnDashForAEIOU_B___T__" classname="AppTest" time="0.0"/>
  <testcase name="puzzleConverter_returnUpperCaseForbt_BT" classname="AppTest" time="0.0"/>
  <testcase name="puzzle_returnDashForAEI_B__T_" classname="AppTest" time="0.0"/>
  <testcase name="puzzle_returnDashForA_andE_B_T_" classname="AppTest" time="0.0"/>
  <testcase name="puzzle_returnDashForA_B_Dash_T" classname="AppTest" time="0.0"/>
  <system-out><![CDATA[]]></system-out>
  <system-err><![CDATA[]]></system-err>
</testsuite>
