<?xml version="1.0" encoding="UTF-8"?>
<testsuite name="WordTest" tests="7" skipped="0" failures="0" errors="0" timestamp="2016-01-22T21:29:19" hostname="epicodus-38.local" time="0.001">
  <properties/>
  <testcase name="getDefinitions_initiallyReturnsempptyArrayList" classname="WordTest" time="0.0"/>
  <testcase name="getWord_returnsWord_true" classname="WordTest" time="0.0"/>
  <testcase name="clear_removesAllWordInstancesFromMemory" classname="WordTest" time="0.0"/>
  <testcase name="all_returnsAllInstancesOfDefinition_true" classname="WordTest" time="0.0"/>
  <testcase name="find_returnsWordWithSameId" classname="WordTest" time="0.001"/>
  <testcase name="addDefinition_addsDefinitionToList" classname="WordTest" time="0.0"/>
  <testcase name="getId_returnsWordId" classname="WordTest" time="0.0"/>
  <system-out><![CDATA[]]></system-out>
  <system-err><![CDATA[]]></system-err>
</testsuite>
