<?xml version="1.0" encoding="UTF-8"?>
<<<<<<< HEAD
<testsuite name="WordTest" tests="1" skipped="0" failures="0" errors="0" timestamp="2016-01-20T03:30:22" hostname="epicodus-36.local" time="0.0">
=======
<testsuite name="WordTest" tests="1" skipped="0" failures="0" errors="0" timestamp="2016-01-19T02:01:02" hostname="epicodus-33.local" time="0.0">
>>>>>>> 767626a1a16b2ed956b123a5f77fe31530313dc5
  <properties/>
  <testcase name="getWord_returnsWord_true" classname="WordTest" time="0.0"/>
  <system-out><![CDATA[]]></system-out>
  <system-err><![CDATA[]]></system-err>
</testsuite>
